<?xml version="1.0" encoding="UTF-8"?>
<testng-results skipped="0" failed="1" ignored="1" total="4" passed="2">
  <reporter-output>
  </reporter-output>
  <suite name="AutomationPractice" duration-ms="158568" started-at="2020-12-20T07:41:07Z" finished-at="2020-12-20T07:43:45Z">
    <groups>
    </groups>
    <test name="Automation_Practice Test" duration-ms="158568" started-at="2020-12-20T07:41:07Z" finished-at="2020-12-20T07:43:45Z">
      <class name="com.automationpractice.testCases.TC_Create_Account_01">
        <test-method status="PASS" signature="setup(java.lang.String)[pri:0, instance:com.automationpractice.testCases.TC_Create_Account_01@59a6e353]" name="setup" is-config="true" duration-ms="31443" started-at="2020-12-20T07:42:49Z" finished-at="2020-12-20T07:43:20Z">
          <params>
            <param index="0">
              <value>
                <![CDATA[chrome]]>
              </value>
            </param>
          </params>
          <reporter-output>
          </reporter-output>
        </test-method> <!-- setup -->
        <test-method status="PASS" signature="CreateNewUserAccount()[pri:0, instance:com.automationpractice.testCases.TC_Create_Account_01@59a6e353]" name="CreateNewUserAccount" duration-ms="24389" started-at="2020-12-20T07:43:20Z" finished-at="2020-12-20T07:43:44Z">
          <reporter-output>
          </reporter-output>
        </test-method> <!-- CreateNewUserAccount -->
        <test-method status="PASS" signature="teardown()[pri:0, instance:com.automationpractice.testCases.TC_Create_Account_01@59a6e353]" name="teardown" is-config="true" duration-ms="701" started-at="2020-12-20T07:43:44Z" finished-at="2020-12-20T07:43:45Z">
          <reporter-output>
          </reporter-output>
        </test-method> <!-- teardown -->
      </class> <!-- com.automationpractice.testCases.TC_Create_Account_01 -->
      <class name="com.automationpractice.testCases.TC_Login_02">
        <test-method status="PASS" signature="setup(java.lang.String)[pri:0, instance:com.automationpractice.testCases.TC_Login_02@3d24753a]" name="setup" is-config="true" duration-ms="31405" started-at="2020-12-20T07:41:07Z" finished-at="2020-12-20T07:41:38Z">
          <params>
            <param index="0">
              <value>
                <![CDATA[chrome]]>
              </value>
            </param>
          </params>
          <reporter-output>
          </reporter-output>
        </test-method> <!-- setup -->
        <test-method status="PASS" signature="loginDDT(java.lang.String, java.lang.String)[pri:0, instance:com.automationpractice.testCases.TC_Login_02@3d24753a]" name="loginDDT" duration-ms="59819" started-at="2020-12-20T07:41:39Z" data-provider="LoginData" finished-at="2020-12-20T07:42:39Z">
          <params>
            <param index="0">
              <value>
                <![CDATA[kalpeshtest123@gmail.com]]>
              </value>
            </param>
            <param index="1">
              <value>
                <![CDATA[Trainer$1]]>
              </value>
            </param>
          </params>
          <reporter-output>
          </reporter-output>
        </test-method> <!-- loginDDT -->
        <test-method status="FAIL" signature="loginDDT(java.lang.String, java.lang.String)[pri:0, instance:com.automationpractice.testCases.TC_Login_02@3d24753a]" name="loginDDT" duration-ms="9078" started-at="2020-12-20T07:42:39Z" data-provider="LoginData" finished-at="2020-12-20T07:42:48Z">
          <params>
            <param index="0">
              <value>
                <![CDATA[vaibhavtest123@gmail.com]]>
              </value>
            </param>
            <param index="1">
              <value>
                <![CDATA[Boston123!]]>
              </value>
            </param>
          </params>
          <exception class="java.lang.AssertionError">
            <message>
              <![CDATA[expected [true] but found [false]]]>
            </message>
            <full-stacktrace>
              <![CDATA[java.lang.AssertionError: expected [true] but found [false]
at org.testng.Assert.fail(Assert.java:96)
at org.testng.Assert.failNotEquals(Assert.java:776)
at org.testng.Assert.assertTrue(Assert.java:44)
at org.testng.Assert.assertTrue(Assert.java:54)
at com.automationpractice.testCases.TC_Login_02.loginDDT(TC_Login_02.java:29)
at sun.reflect.NativeMethodAccessorImpl.invoke0(Native Method)
at sun.reflect.NativeMethodAccessorImpl.invoke(NativeMethodAccessorImpl.java:62)
at sun.reflect.DelegatingMethodAccessorImpl.invoke(DelegatingMethodAccessorImpl.java:43)
at java.lang.reflect.Method.invoke(Method.java:498)
at org.testng.internal.MethodInvocationHelper.invokeMethod(MethodInvocationHelper.java:124)
at org.testng.internal.Invoker.invokeMethod(Invoker.java:583)
at org.testng.internal.Invoker.invokeTestMethod(Invoker.java:719)
at org.testng.internal.Invoker.invokeTestMethods(Invoker.java:989)
at org.testng.internal.TestMethodWorker.invokeTestMethods(TestMethodWorker.java:125)
at org.testng.internal.TestMethodWorker.run(TestMethodWorker.java:109)
at org.testng.TestRunner.privateRun(TestRunner.java:648)
at org.testng.TestRunner.run(TestRunner.java:505)
at org.testng.SuiteRunner.runTest(SuiteRunner.java:455)
at org.testng.SuiteRunner.runSequentially(SuiteRunner.java:450)
at org.testng.SuiteRunner.privateRun(SuiteRunner.java:415)
at org.testng.SuiteRunner.run(SuiteRunner.java:364)
at org.testng.SuiteRunnerWorker.runSuite(SuiteRunnerWorker.java:52)
at org.testng.SuiteRunnerWorker.run(SuiteRunnerWorker.java:84)
at org.testng.TestNG.runSuitesSequentially(TestNG.java:1208)
at org.testng.TestNG.runSuitesLocally(TestNG.java:1137)
at org.testng.TestNG.runSuites(TestNG.java:1049)
at org.testng.TestNG.run(TestNG.java:1017)
at org.apache.maven.surefire.testng.TestNGExecutor.run(TestNGExecutor.java:295)
at org.apache.maven.surefire.testng.TestNGXmlTestSuite.execute(TestNGXmlTestSuite.java:84)
at org.apache.maven.surefire.testng.TestNGProvider.invoke(TestNGProvider.java:90)
at org.apache.maven.surefire.booter.ForkedBooter.invokeProviderInSameClassLoader(ForkedBooter.java:203)
at org.apache.maven.surefire.booter.ForkedBooter.runSuitesInProcess(ForkedBooter.java:155)
at org.apache.maven.surefire.booter.ForkedBooter.main(ForkedBooter.java:103)
]]>
            </full-stacktrace>
          </exception> <!-- java.lang.AssertionError -->
          <reporter-output>
          </reporter-output>
        </test-method> <!-- loginDDT -->
        <test-method status="PASS" signature="teardown()[pri:0, instance:com.automationpractice.testCases.TC_Login_02@3d24753a]" name="teardown" is-config="true" duration-ms="664" started-at="2020-12-20T07:42:48Z" finished-at="2020-12-20T07:42:49Z">
          <reporter-output>
          </reporter-output>
        </test-method> <!-- teardown -->
      </class> <!-- com.automationpractice.testCases.TC_Login_02 -->
    </test> <!-- Automation_Practice Test -->
  </suite> <!-- AutomationPractice -->
</testng-results>
