<?xml version="1.0" encoding="UTF-8"?>
<!-- Generated by org.testng.reporters.JUnitXMLReporter -->
<testsuite hostname="DESKTOP-1TR2HFR" ignored="1" name="Automation_Practice Test" tests="3" failures="1" timestamp="20 Dec 2020 07:43:45 GMT" time="158.568" errors="0">
  <testcase name="loginDDT" time="59.819" classname="com.automationpractice.testCases.TC_Login_02"/>
  <testcase name="loginDDT" time="9.078" classname="com.automationpractice.testCases.TC_Login_02">
    <failure type="java.lang.AssertionError" message="expected [true] but found [false]">
      <![CDATA[java.lang.AssertionError: expected [true] but found [false]
at com.automationpractice.testCases.TC_Login_02.loginDDT(TC_Login_02.java:29)
... Removed 32 stack frames]]>
    </failure>
  </testcase> <!-- loginDDT -->
  <testcase name="CreateNewUserAccount" time="24.389" classname="com.automationpractice.testCases.TC_Create_Account_01"/>
  <testcase name="emailExistValidation" time="0.0" classname="com.automationpractice.testCases.TC_Create_Account_01">
    <ignored/>
  </testcase> <!-- emailExistValidation -->
</testsuite> <!-- Automation_Practice Test -->
